TN:
SF:/Users/konstantinstekhov/Downloads/react-app-demo/config.js
FN:5,define
FNF:1
FNH:1
FNDA:10,define
DA:1,2
DA:2,2
DA:3,2
DA:6,10
DA:12,2
DA:13,2
DA:14,2
DA:15,2
DA:16,2
LF:9
LH:9
BRF:0
BRH:0
end_of_record
TN:
SF:/Users/konstantinstekhov/Downloads/react-app-demo/index.js
FN:11,(anonymous_0)
FN:27,(anonymous_1)
FN:53,(anonymous_2)
FN:62,(anonymous_3)
FN:72,(anonymous_4)
FNF:5
FNH:0
FNDA:0,(anonymous_0)
FNDA:0,(anonymous_1)
FNDA:0,(anonymous_2)
FNDA:0,(anonymous_3)
FNDA:0,(anonymous_4)
DA:1,1
DA:2,1
DA:3,1
DA:4,1
DA:5,1
DA:6,1
DA:8,1
DA:9,1
DA:11,1
DA:12,0
DA:13,0
DA:17,0
DA:18,0
DA:20,0
DA:27,1
DA:28,0
DA:30,0
DA:31,0
DA:39,0
DA:52,0
DA:54,0
DA:63,0
DA:72,1
DA:73,0
DA:76,1
DA:77,1
DA:79,1
LF:27
LH:14
BRDA:12,0,0,0
BRDA:12,0,1,0
BRDA:30,1,0,0
BRDA:30,1,1,0
BRDA:30,2,0,0
BRDA:30,2,1,0
BRDA:30,2,2,0
BRDA:76,3,0,1
BRDA:76,3,1,1
BRF:9
BRH:2
end_of_record
TN:
SF:/Users/konstantinstekhov/Downloads/react-app-demo/utils.js
FN:5,(anonymous_0)
FN:9,(anonymous_1)
FNF:2
FNH:2
FNDA:1,(anonymous_0)
FNDA:5,(anonymous_1)
DA:1,3
DA:2,3
DA:4,3
DA:6,1
DA:10,5
LF:5
LH:5
BRF:0
BRH:0
end_of_record
